Watching for file changes with StatReloader
Performing system checks...

System check identified no issues (0 silenced).

You have 18 unapplied migration(s). Your project may not work properly until you apply the migrations for app(s): admin, auth, contenttypes, sessions.
Run 'python manage.py migrate' to apply them.
September 23, 2024 - 13:40:18
Django version 5.1.1, using settings 'Snake_Game.settings'
Starting development server at http://127.0.0.1:9999/
Quit the server with CONTROL-C.

Watching for file changes with StatReloader
Performing system checks...

System check identified no issues (0 silenced).

You have 18 unapplied migration(s). Your project may not work properly until you apply the migrations for app(s): admin, auth, contenttypes, sessions.
Run 'python manage.py migrate' to apply them.
September 23, 2024 - 13:43:08
Django version 5.1.1, using settings 'Snake_Game.settings'
Starting development server at http://127.0.0.1:9999/
Quit the server with CONTROL-C.

Watching for file changes with StatReloader
Watching for file changes with StatReloader
Error: That port is already in use.
